2024-11-11 11:11:326 INFO  HrmManagementProject:14 - URL is opened
2024-11-11 11:11:926 INFO  HrmManagementProject:17 - enter username
2024-11-11 11:11:125 INFO  HrmManagementProject:20 - enter password
2024-11-11 11:11:617 INFO  HrmManagementProject:26 - login succesffully
2024-11-11 11:11:477 INFO  HrmManagementProject:29 - logout successfully
2024-11-11 11:11:32 INFO  HrmManagementProject:14 - url is opened
2024-11-11 11:11:223 INFO  HrmManagementProject:35 - Registered Succesffully
2024-11-11 13:11:751 INFO  HrmManagementProject:14 - URL is opened
2024-11-11 13:11:663 INFO  HrmManagementProject:17 - enter username
2024-11-11 13:11:969 INFO  HrmManagementProject:20 - enter password
2024-11-11 13:11:339 INFO  HrmManagementProject:26 - login succesffully
2024-11-11 13:11:813 INFO  HrmManagementProject:29 - logout successfully
2024-11-11 13:11:719 INFO  HrmManagementProject:14 - url is opened
2024-11-11 13:11:541 INFO  HrmManagementProject:14 - URL is opened
2024-11-11 13:11:509 INFO  HrmManagementProject:17 - enter username
2024-11-11 13:11:735 INFO  HrmManagementProject:20 - enter password
2024-11-11 13:11:530 INFO  HrmManagementProject:26 - login succesffully
2024-11-11 13:11:492 INFO  HrmManagementProject:29 - logout successfully
2024-11-11 13:11:855 INFO  HrmManagementProject:14 - url is opened
2024-11-11 13:11:110 INFO  HrmManagementProject:14 - URL is opened
2024-11-11 13:11:792 INFO  HrmManagementProject:17 - enter username
2024-11-11 13:11:959 INFO  HrmManagementProject:20 - enter password
2024-11-11 13:11:350 INFO  HrmManagementProject:26 - login succesffully
2024-11-11 13:11:227 INFO  HrmManagementProject:29 - logout successfully
2024-11-11 13:11:495 INFO  HrmManagementProject:14 - url is opened
2024-11-11 13:11:965 INFO  HrmManagementProject:35 - Registered Succesffully
2024-11-11 13:11:158 INFO  HrmManagementProject:14 - URL is opened
2024-11-11 13:11:892 INFO  HrmManagementProject:17 - enter username
2024-11-11 13:11:65 INFO  HrmManagementProject:20 - enter password
2024-11-11 13:11:587 INFO  HrmManagementProject:26 - login succesffully
2024-11-11 13:11:545 INFO  HrmManagementProject:29 - logout successfully
2024-11-11 13:11:768 INFO  HrmManagementProject:14 - url is opened
2024-11-11 13:11:599 INFO  HrmManagementProject:35 - Registered Succesffully
2024-11-11 16:11:980 INFO  HrmManagementProject:14 - URL is opened
2024-11-11 16:11:567 INFO  HrmManagementProject:17 - enter username
2024-11-11 16:11:693 INFO  HrmManagementProject:20 - enter password
2024-11-11 16:11:102 INFO  HrmManagementProject:26 - login succesffully
2024-11-11 16:11:149 INFO  HrmManagementProject:29 - logout successfully
2024-11-11 16:11:190 INFO  HrmManagementProject:14 - url is opened
2024-11-11 16:11:572 INFO  HrmManagementProject:35 - Registered Succesffully
2024-11-11 16:11:889 INFO  HrmManagementProject:14 - URL is opened
2024-11-11 16:11:537 INFO  HrmManagementProject:17 - enter username
2024-11-11 16:11:676 INFO  HrmManagementProject:20 - enter password
2024-11-11 16:11:55 INFO  HrmManagementProject:26 - login succesffully
2024-11-11 16:11:138 INFO  HrmManagementProject:29 - logout successfully
2024-11-11 16:11:983 INFO  HrmManagementProject:14 - url is opened
2024-11-11 16:11:382 INFO  HrmManagementProject:35 - Registered Succesffully
